<?xml version="1.0" encoding="UTF-8"?>
<!-- Generated by org.testng.reporters.JUnitXMLReporter -->
<testsuite ignored="0" hostname="DESKTOP-KLTOH9I" failures="0" tests="13" name="My_TestResult" time="0.938" errors="0" timestamp="2021-07-28T15:25:11 IST">
  <testcase classname="testNG.Demo_test" name="@BeforeTest beforeTest" time="0.452">
    <failure type="org.openqa.selenium.NoSuchElementException" message="no such element: Unable to locate element: {&amp;quot;method&amp;quot;:&amp;quot;css selector&amp;quot;,&amp;quot;selector&amp;quot;:&amp;quot;#firstName&amp;quot;}
  (Session info: chrome=92.0.4515.107)
For documentation on this error, please visit: https://www.seleniumhq.org/exceptions/no_such_element.html
Build info: version: &amp;apos;3.141.59&amp;apos;, revision: &amp;apos;e82be7d358&amp;apos;, time: &amp;apos;2018-11-14T08:25:48&amp;apos;
System info: host: &amp;apos;DESKTOP-KLTOH9I&amp;apos;, ip: &amp;apos;192.168.1.7&amp;apos;, os.name: &amp;apos;Windows 10&amp;apos;, os.arch: &amp;apos;amd64&amp;apos;, os.version: &amp;apos;10.0&amp;apos;, java.version: &amp;apos;16.0.1&amp;apos;
Driver info: org.openqa.selenium.chrome.ChromeDriver
Capabilities {acceptInsecureCerts: false, browserName: chrome, browserVersion: 92.0.4515.107, chrome: {chromedriverVersion: 91.0.4472.101 (af52a90bf870..., userDataDir: C:\Users\user\AppData\Local...}, goog:chromeOptions: {debuggerAddress: localhost:59741}, javascriptEnabled: true, networkConnectionEnabled: false, pageLoadStrategy: normal, platform: WINDOWS, platformName: WINDOWS, proxy: Proxy(), setWindowRect: true, strictFileInteractability: false, timeouts: {implicit: 0, pageLoad: 300000, script: 30000}, unhandledPromptBehavior: dismiss and notify, webauthn:extension:largeBlob: true, webauthn:virtualAuthenticators: true}
Session ID: dee2acd177af669da22647c0bd3e7f5f
*** Element info: {Using=id, value=firstName}">
      <![CDATA[org.openqa.selenium.NoSuchElementException: no such element: Unable to locate element: {"method":"css selector","selector":"#firstName"}
  (Session info: chrome=92.0.4515.107)
For documentation on this error, please visit: https://www.seleniumhq.org/exceptions/no_such_element.html
Build info: version: '3.141.59', revision: 'e82be7d358', time: '2018-11-14T08:25:48'
System info: host: 'DESKTOP-KLTOH9I', ip: '192.168.1.7', os.name: 'Windows 10', os.arch: 'amd64', os.version: '10.0', java.version: '16.0.1'
Driver info: org.openqa.selenium.chrome.ChromeDriver
Capabilities {acceptInsecureCerts: false, browserName: chrome, browserVersion: 92.0.4515.107, chrome: {chromedriverVersion: 91.0.4472.101 (af52a90bf870..., userDataDir: C:\Users\user\AppData\Local...}, goog:chromeOptions: {debuggerAddress: localhost:59741}, javascriptEnabled: true, networkConnectionEnabled: false, pageLoadStrategy: normal, platform: WINDOWS, platformName: WINDOWS, proxy: Proxy(), setWindowRect: true, strictFileInteractability: false, timeouts: {implicit: 0, pageLoad: 300000, script: 30000}, unhandledPromptBehavior: dismiss and notify, webauthn:extension:largeBlob: true, webauthn:virtualAuthenticators: true}
Session ID: dee2acd177af669da22647c0bd3e7f5f
*** Element info: {Using=id, value=firstName}
at org.openqa.selenium.remote.http.W3CHttpResponseCodec.createException(W3CHttpResponseCodec.java:187)
at org.openqa.selenium.remote.http.W3CHttpResponseCodec.decode(W3CHttpResponseCodec.java:122)
at org.openqa.selenium.remote.http.W3CHttpResponseCodec.decode(W3CHttpResponseCodec.java:49)
at org.openqa.selenium.remote.HttpCommandExecutor.execute(HttpCommandExecutor.java:158)
at org.openqa.selenium.remote.service.DriverCommandExecutor.execute(DriverCommandExecutor.java:83)
at org.openqa.selenium.remote.RemoteWebDriver.execute(RemoteWebDriver.java:552)
at org.openqa.selenium.remote.RemoteWebDriver.findElement(RemoteWebDriver.java:323)
at org.openqa.selenium.remote.RemoteWebDriver.findElementById(RemoteWebDriver.java:372)
at org.openqa.selenium.By$ById.findElement(By.java:188)
at org.openqa.selenium.remote.RemoteWebDriver.findElement(RemoteWebDriver.java:315)
at testNG.Demo_test.beforeTest(Demo_test.java:54)
... Removed 29 stack frames]]>
    </failure>
  </testcase> <!-- @BeforeTest beforeTest -->
  <testcase classname="testNG.Move_Element" name="@BeforeTest beforeTest" time="-1.627466110288E9">
    <skipped/>
  </testcase> <!-- @BeforeTest beforeTest -->
  <testcase classname="testNG.Test_College" name="@BeforeTest beforeTest" time="-1.627466110292E9">
    <skipped/>
  </testcase> <!-- @BeforeTest beforeTest -->
  <testcase classname="testNG.Demo_test" name="@BeforeClass beforeClass" time="-1.627466110611E9">
    <skipped/>
  </testcase> <!-- @BeforeClass beforeClass -->
  <testcase classname="testNG.Demo_test" name="@BeforeMethod beforeMethod" time="-1.627466110615E9">
    <skipped/>
  </testcase> <!-- @BeforeMethod beforeMethod -->
  <testcase classname="testNG.Demo_test" name="@AfterMethod afterMethod" time="-1.627466110624E9">
    <skipped/>
  </testcase> <!-- @AfterMethod afterMethod -->
  <testcase classname="testNG.Demo_test" name="@AfterClass afterClass" time="-1.627466110625E9">
    <skipped/>
  </testcase> <!-- @AfterClass afterClass -->
  <testcase classname="testNG.All_Annotations" name="@BeforeClass beforeClass" time="-1.627466110633E9">
    <skipped/>
  </testcase> <!-- @BeforeClass beforeClass -->
  <testcase classname="testNG.All_Annotations" name="@BeforeMethod beforeMethod" time="-1.627466110635E9">
    <skipped/>
  </testcase> <!-- @BeforeMethod beforeMethod -->
  <testcase classname="testNG.All_Annotations" name="@AfterMethod afterMethod" time="-1.627466110643E9">
    <skipped/>
  </testcase> <!-- @AfterMethod afterMethod -->
  <testcase classname="testNG.All_Annotations" name="@AfterClass afterClass" time="-1.627466110645E9">
    <skipped/>
  </testcase> <!-- @AfterClass afterClass -->
  <testcase classname="testNG.Test_College" name="@BeforeClass beforeClass" time="-1.627466110648E9">
    <skipped/>
  </testcase> <!-- @BeforeClass beforeClass -->
  <testcase classname="testNG.Test_College" name="@BeforeMethod beforeMethod" time="-1.62746611065E9">
    <skipped/>
  </testcase> <!-- @BeforeMethod beforeMethod -->
  <testcase classname="testNG.Test_College" name="@AfterMethod afterMethod" time="-1.627466110663E9">
    <skipped/>
  </testcase> <!-- @AfterMethod afterMethod -->
  <testcase classname="testNG.Test_College" name="@AfterClass afterClass" time="-1.627466110667E9">
    <skipped/>
  </testcase> <!-- @AfterClass afterClass -->
  <testcase classname="testNG.Move_Element" name="@BeforeClass beforeClass" time="-1.62746611069E9">
    <skipped/>
  </testcase> <!-- @BeforeClass beforeClass -->
  <testcase classname="testNG.Move_Element" name="@AfterClass afterClass" time="-1.627466110696E9">
    <skipped/>
  </testcase> <!-- @AfterClass afterClass -->
  <testcase classname="testNG.FB_LoginTest" name="@BeforeClass beforeClass" time="-1.627466110697E9">
    <skipped/>
  </testcase> <!-- @BeforeClass beforeClass -->
  <testcase classname="testNG.FB_LoginTest" name="@AfterClass afterClass" time="-1.62746611072E9">
    <skipped/>
  </testcase> <!-- @AfterClass afterClass -->
  <testcase classname="testNG.All_Annotations" name="@AfterTest afterTest" time="-1.62746611072E9">
    <skipped/>
  </testcase> <!-- @AfterTest afterTest -->
  <testcase classname="testNG.Demo_test" name="@AfterTest afterTest" time="-1.627466110721E9">
    <skipped/>
  </testcase> <!-- @AfterTest afterTest -->
  <testcase classname="testNG.Move_Element" name="@AfterTest afterTest" time="-1.627466110722E9">
    <skipped/>
  </testcase> <!-- @AfterTest afterTest -->
  <testcase classname="testNG.Test_College" name="@AfterTest afterTest" time="-1.627466110723E9">
    <skipped/>
  </testcase> <!-- @AfterTest afterTest -->
  <testcase classname="testNG.BlazeDemo_16" name="f" time="0.0">
    <skipped/>
  </testcase> <!-- f -->
  <testcase classname="testNG.Demo_test" name="f" time="0.0">
    <skipped/>
  </testcase> <!-- f -->
  <testcase classname="testNG.NewTest" name="f" time="0.0">
    <skipped/>
  </testcase> <!-- f -->
  <testcase classname="testNG.All_Annotations" name="f" time="0.0">
    <skipped/>
  </testcase> <!-- f -->
  <testcase classname="testNG.Test_College" name="f" time="0.0">
    <skipped/>
  </testcase> <!-- f -->
  <testcase classname="testNG.Annotations" name="f" time="0.0">
    <skipped/>
  </testcase> <!-- f -->
  <testcase classname="testNG.Annotations" name="z" time="0.0">
    <skipped/>
  </testcase> <!-- z -->
  <testcase classname="testNG.Annotations" name="k" time="0.0">
    <skipped/>
  </testcase> <!-- k -->
  <testcase classname="testNG.Annotations" name="a" time="0.0">
    <skipped/>
  </testcase> <!-- a -->
  <testcase classname="testNG.Move_Element" name="f" time="0.0">
    <skipped/>
  </testcase> <!-- f -->
  <testcase classname="testNG.FB_LoginTest" name="f" time="0.0">
    <skipped/>
  </testcase> <!-- f -->
  <testcase classname="testNG.FB_LoginTest" name="f" time="0.0">
    <skipped/>
  </testcase> <!-- f -->
  <testcase classname="testNG.FB_LoginTest" name="f" time="0.0">
    <skipped/>
  </testcase> <!-- f -->
</testsuite> <!-- My_TestResult -->
