<?xml version="1.0" encoding="UTF-8"?>
<!-- Generated by org.testng.reporters.JUnitXMLReporter -->
<testsuite ignored="0" hostname="DESKTOP-KLTOH9I" failures="0" tests="13" name="MyTest_Results" time="215.449" errors="0" timestamp="2021-07-28T15:39:22 IST">
  <testcase classname="testNG.Demo_test" name="@AfterMethod afterMethod" time="0.373">
    <failure type="org.openqa.selenium.support.ui.UnexpectedTagNameException" message="Element should have been &amp;quot;select&amp;quot; but was &amp;quot;div&amp;quot;
Build info: version: &amp;apos;3.141.59&amp;apos;, revision: &amp;apos;e82be7d358&amp;apos;, time: &amp;apos;2018-11-14T08:25:48&amp;apos;
System info: host: &amp;apos;DESKTOP-KLTOH9I&amp;apos;, ip: &amp;apos;192.168.1.7&amp;apos;, os.name: &amp;apos;Windows 10&amp;apos;, os.arch: &amp;apos;amd64&amp;apos;, os.version: &amp;apos;10.0&amp;apos;, java.version: &amp;apos;16.0.1&amp;apos;
Driver info: driver.version: unknown">
      <![CDATA[org.openqa.selenium.support.ui.UnexpectedTagNameException: Element should have been "select" but was "div"
Build info: version: '3.141.59', revision: 'e82be7d358', time: '2018-11-14T08:25:48'
System info: host: 'DESKTOP-KLTOH9I', ip: '192.168.1.7', os.name: 'Windows 10', os.arch: 'amd64', os.version: '10.0', java.version: '16.0.1'
Driver info: driver.version: unknown
at org.openqa.selenium.support.ui.Select.<init>(Select.java:48)
at testNG.Demo_test.afterMethod(Demo_test.java:44)
at java.base/java.util.ArrayList.forEach(ArrayList.java:1511)
... Removed 32 stack frames]]>
    </failure>
  </testcase> <!-- @AfterMethod afterMethod -->
  <testcase classname="testNG.Demo_test" name="@AfterClass afterClass" time="-1.627466813711E9">
    <skipped/>
  </testcase> <!-- @AfterClass afterClass -->
  <testcase classname="testNG.BlazeDemo_16" name="f" time="31.683"/>
  <testcase classname="testNG.Demo_test" name="f" time="0.335"/>
  <testcase classname="testNG.NewTest" name="f" time="38.225"/>
  <testcase classname="testNG.All_Annotations" name="f" time="0.008"/>
  <testcase classname="testNG.Test_College" name="f" time="0.326"/>
  <testcase classname="testNG.Annotations" name="f" time="0.002"/>
  <testcase classname="testNG.Annotations" name="z" time="0.002"/>
  <testcase classname="testNG.Annotations" name="k" time="0.002"/>
  <testcase classname="testNG.Annotations" name="a" time="0.002"/>
  <testcase classname="testNG.Move_Element" name="f" time="13.9"/>
  <testcase classname="testNG.FB_LoginTest" name="f" time="9.893"/>
  <testcase classname="testNG.FB_LoginTest" name="f" time="6.696"/>
  <testcase classname="testNG.FB_LoginTest" name="f" time="14.136"/>
</testsuite> <!-- MyTest_Results -->
